<?xml version="1.0" encoding="UTF-8"?>
<testng-results ignored="0" total="1" passed="1" failed="0" skipped="0">
  <reporter-output>
  </reporter-output>
  <suite started-at="2021-10-15T12:41:30 IST" name="Default suite" finished-at="2021-10-15T12:42:54 IST" duration-ms="84118">
    <groups>
    </groups>
    <test started-at="2021-10-15T12:41:30 IST" name="Default test" finished-at="2021-10-15T12:42:54 IST" duration-ms="84118">
      <class name="TestCases.MailTests">
        <test-method signature="MailTest()[pri:0, instance:TestCases.MailTests@475c9c31]" started-at="2021-10-15T12:41:30 IST" name="MailTest" finished-at="2021-10-15T12:42:53 IST" duration-ms="83444" status="PASS">
          <reporter-output>
          </reporter-output>
        </test-method> <!-- MailTest -->
        <test-method is-config="true" signature="flushReports()[pri:0, instance:TestCases.MailTests@475c9c31]" started-at="2021-10-15T12:42:53 IST" name="flushReports" finished-at="2021-10-15T12:42:54 IST" duration-ms="642" status="PASS">
          <reporter-output>
          </reporter-output>
        </test-method> <!-- flushReports -->
      </class> <!-- TestCases.MailTests -->
    </test> <!-- Default test -->
  </suite> <!-- Default suite -->
</testng-results>
